# JRE version: OpenJDK Runtime Environment (15.0.2+7) (build 15.0.2+7-27)
# Java VM: OpenJDK 64-Bit Server VM (15.0.2+7-27, mixed mode, tiered, compressed oops, g1 gc, windows-amd64)
GC Precious Log:
 CPUs: 4 total, 4 available
 Memory: 6069M
 Large Page Support: Disabled
 NUMA Support: Disabled
 Compressed Oops: Enabled (32-bit)
 Heap Region Size: 1M
 Heap Min Capacity: 8M
 Heap Initial Capacity: 96M
 Heap Max Capacity: 1518M
 Pre-touch: Disabled
 Parallel Workers: 4
 Concurrent Workers: 1
 Concurrent Refinement Workers: 4
 Periodic GC: Disabled
Heap:
 garbage-first heap   total 72704K, used 50735K [0x00000000a1200000, 0x0000000100000000)
  region size 1024K, 22 young (22528K), 2 survivors (2048K)
 Metaspace       used 76906K, capacity 77616K, committed 77776K, reserved 1118208K
  class space    used 9526K, capacity 9781K, committed 9856K, reserved 1048576K
GC Heap History (20 events):
Event: 17.692 GC heap before
{Heap before GC invocations=27 (full 0):
 garbage-first heap   total 59392K, used 47065K [0x00000000a1200000, 0x0000000100000000)
  region size 1024K, 20 young (20480K), 2 survivors (2048K)
 Metaspace       used 65795K, capacity 66439K, committed 66640K, reserved 1107968K
  class space    used 8211K, capacity 8388K, committed 8448K, reserved 1048576K
}
Event: 17.698 GC heap after
{Heap after GC invocations=28 (full 0):
 garbage-first heap   total 59392K, used 29109K [0x00000000a1200000, 0x0000000100000000)
  region size 1024K, 2 young (2048K), 2 survivors (2048K)
 Metaspace       used 65795K, capacity 66439K, committed 66640K, reserved 1107968K
  class space    used 8211K, capacity 8388K, committed 8448K, reserved 1048576K
}
Event: 18.130 GC heap before
{Heap before GC invocations=29 (full 0):
 garbage-first heap   total 60416K, used 47541K [0x00000000a1200000, 0x0000000100000000)
  region size 1024K, 20 young (20480K), 2 survivors (2048K)
 Metaspace       used 66025K, capacity 66629K, committed 66896K, reserved 1107968K
  class space    used 8227K, capacity 8428K, committed 8448K, reserved 1048576K
}
Event: 18.136 GC heap after
{Heap after GC invocations=30 (full 0):
 garbage-first heap   total 60416K, used 29634K [0x00000000a1200000, 0x0000000100000000)
  region size 1024K, 2 young (2048K), 2 survivors (2048K)
 Metaspace       used 66025K, capacity 66629K, committed 66896K, reserved 1107968K
  class space    used 8227K, capacity 8428K, committed 8448K, reserved 1048576K
}
Event: 18.763 GC heap before
{Heap before GC invocations=30 (full 0):
 garbage-first heap   total 60416K, used 49090K [0x00000000a1200000, 0x0000000100000000)
  region size 1024K, 21 young (21504K), 2 survivors (2048K)
 Metaspace       used 67672K, capacity 68273K, committed 68432K, reserved 1110016K
  class space    used 8462K, capacity 8654K, committed 8704K, reserved 1048576K
}
Event: 18.769 GC heap after
{Heap after GC invocations=31 (full 0):
 garbage-first heap   total 60416K, used 30408K [0x00000000a1200000, 0x0000000100000000)
  region size 1024K, 2 young (2048K), 2 survivors (2048K)
 Metaspace       used 67672K, capacity 68273K, committed 68432K, reserved 1110016K
  class space    used 8462K, capacity 8654K, committed 8704K, reserved 1048576K
}
Event: 19.829 GC heap before
{Heap before GC invocations=32 (full 0):
 garbage-first heap   total 60416K, used 49864K [0x00000000a1200000, 0x0000000100000000)
  region size 1024K, 21 young (21504K), 2 survivors (2048K)
 Metaspace       used 70003K, capacity 70623K, committed 70864K, reserved 1112064K
  class space    used 8770K, capacity 8966K, committed 9088K, reserved 1048576K
}
Event: 19.838 GC heap after
{Heap after GC invocations=33 (full 0):
 garbage-first heap   total 60416K, used 32156K [0x00000000a1200000, 0x0000000100000000)
  region size 1024K, 3 young (3072K), 3 survivors (3072K)
 Metaspace       used 70003K, capacity 70623K, committed 70864K, reserved 1112064K
  class space    used 8770K, capacity 8966K, committed 9088K, reserved 1048576K
}
Event: 24.314 GC heap before
{Heap before GC invocations=33 (full 0):
 garbage-first heap   total 60416K, used 47516K [0x00000000a1200000, 0x0000000100000000)
  region size 1024K, 19 young (19456K), 3 survivors (3072K)
 Metaspace       used 72523K, capacity 73145K, committed 73424K, reserved 1114112K
  class space    used 9072K, capacity 9267K, committed 9344K, reserved 1048576K
}
Event: 24.326 GC heap after
{Heap after GC invocations=34 (full 0):
 garbage-first heap   total 72704K, used 33716K [0x00000000a1200000, 0x0000000100000000)
  region size 1024K, 2 young (2048K), 2 survivors (2048K)
 Metaspace       used 72523K, capacity 73145K, committed 73424K, reserved 1114112K
  class space    used 9072K, capacity 9267K, committed 9344K, reserved 1048576K
}
Event: 134.459 GC heap before
{Heap before GC invocations=35 (full 0):
 garbage-first heap   total 72704K, used 57268K [0x00000000a1200000, 0x0000000100000000)
  region size 1024K, 25 young (25600K), 2 survivors (2048K)
 Metaspace       used 75378K, capacity 76005K, committed 76112K, reserved 1116160K
  class space    used 9419K, capacity 9622K, committed 9728K, reserved 1048576K
}
Event: 134.466 GC heap after
{Heap after GC invocations=36 (full 0):
 garbage-first heap   total 72704K, used 34416K [0x00000000a1200000, 0x0000000100000000)
  region size 1024K, 3 young (3072K), 3 survivors (3072K)
 Metaspace       used 75378K, capacity 76005K, committed 76112K, reserved 1116160K
  class space    used 9419K, capacity 9622K, committed 9728K, reserved 1048576K
}
Event: 190.591 GC heap before
{Heap before GC invocations=36 (full 0):
 garbage-first heap   total 72704K, used 41584K [0x00000000a1200000, 0x0000000100000000)
  region size 1024K, 11 young (11264K), 3 survivors (3072K)
 Metaspace       used 75773K, capacity 76425K, committed 76624K, reserved 1116160K
  class space    used 9469K, capacity 9693K, committed 9728K, reserved 1048576K
}
Event: 190.683 GC heap after
{Heap after GC invocations=37 (full 1):
 garbage-first heap   total 72704K, used 27989K [0x00000000a1200000, 0x0000000100000000)
  region size 1024K, 0 young (0K), 0 survivors (0K)
 Metaspace       used 75769K, capacity 76419K, committed 76624K, reserved 1116160K
  class space    used 9469K, capacity 9692K, committed 9728K, reserved 1048576K
}
Event: 191.785 GC heap before
{Heap before GC invocations=37 (full 1):
 garbage-first heap   total 72704K, used 57685K [0x00000000a1200000, 0x0000000100000000)
  region size 1024K, 29 young (29696K), 0 survivors (0K)
 Metaspace       used 76256K, capacity 76941K, committed 77264K, reserved 1116160K
  class space    used 9506K, capacity 9737K, committed 9856K, reserved 1048576K
}
Event: 191.790 GC heap after
{Heap after GC invocations=38 (full 1):
 garbage-first heap   total 72704K, used 30564K [0x00000000a1200000, 0x0000000100000000)
  region size 1024K, 3 young (3072K), 3 survivors (3072K)
 Metaspace       used 76256K, capacity 76941K, committed 77264K, reserved 1116160K
  class space    used 9506K, capacity 9737K, committed 9856K, reserved 1048576K
}
Event: 192.035 GC heap before
{Heap before GC invocations=38 (full 1):
 garbage-first heap   total 72704K, used 57188K [0x00000000a1200000, 0x0000000100000000)
  region size 1024K, 30 young (30720K), 3 survivors (3072K)
 Metaspace       used 76395K, capacity 77099K, committed 77264K, reserved 1116160K
  class space    used 9512K, capacity 9743K, committed 9856K, reserved 1048576K
}
Event: 192.041 GC heap after
{Heap after GC invocations=39 (full 1):
 garbage-first heap   total 72704K, used 31419K [0x00000000a1200000, 0x0000000100000000)
  region size 1024K, 2 young (2048K), 2 survivors (2048K)
 Metaspace       used 76395K, capacity 77099K, committed 77264K, reserved 1116160K
  class space    used 9512K, capacity 9743K, committed 9856K, reserved 1048576K
}
Event: 192.329 GC heap before
{Heap before GC invocations=39 (full 1):
 garbage-first heap   total 72704K, used 55995K [0x00000000a1200000, 0x0000000100000000)
  region size 1024K, 27 young (27648K), 2 survivors (2048K)
 Metaspace       used 76436K, capacity 77099K, committed 77264K, reserved 1116160K
  class space    used 9513K, capacity 9743K, committed 9856K, reserved 1048576K
}
Event: 192.332 GC heap after
{Heap after GC invocations=40 (full 1):
 garbage-first heap   total 72704K, used 31279K [0x00000000a1200000, 0x0000000100000000)
  region size 1024K, 2 young (2048K), 2 survivors (2048K)
 Metaspace       used 76436K, capacity 77099K, committed 77264K, reserved 1116160K
  class space    used 9513K, capacity 9743K, committed 9856K, reserved 1048576K
}

